<?xml version="1.0" encoding="utf-8"?><testsuites name="pytest tests"><testsuite name="pytest" errors="0" failures="0" skipped="0" tests="29" time="375.664" timestamp="2026-06-01T20:54:04.254468+00:00" hostname="agent-env-87e55cba-d34a-4872-af53-9ca0da983b9c"><testcase classname="backend.tests.backend_test.TestHealth" name="test_health_ok" time="1.009" /><testcase classname="backend.tests.backend_test.TestHealth" name="test_openapi_schema" time="0.002" /><testcase classname="backend.tests.backend_test.TestMatchValidation" name="test_empty_string_400" time="0.002" /><testcase classname="backend.tests.backend_test.TestMatchValidation" name="test_whitespace_400" time="0.001" /><testcase classname="backend.tests.backend_test.TestMatchValidation" name="test_too_short_400" time="0.001" /><testcase classname="backend.tests.backend_test.TestMatchValidation" name="test_too_long_400" time="0.001" /><testcase classname="backend.tests.backend_test.TestMatchValidation" name="test_non_string_422" time="0.001" /><testcase classname="backend.tests.backend_test.TestMatchAccept" name="test_post_match_202_fast" time="0.002" /><testcase classname="backend.tests.backend_test.TestPipelineCanonical" name="test_run_completed_has_result" time="15.036" /><testcase classname="backend.tests.backend_test.TestPipelineCanonical" name="test_trace_has_all_agents_with_structured_fields" time="0.003" /><testcase classname="backend.tests.backend_test.TestPipelineCanonical" name="test_textileflow_in_top3_run1" time="0.000" /><testcase classname="backend.tests.backend_test.TestTextileFlowConsistency" name="test_textileflow_in_top3_repeated[1]" time="13.533" /><testcase classname="backend.tests.backend_test.TestTextileFlowConsistency" name="test_textileflow_in_top3_repeated[2]" time="12.029" /><testcase classname="backend.tests.backend_test.TestWebSocket" name="test_ws_streams_agent_events" time="10.814" /><testcase classname="backend.tests.backend_test.TestAdmin" name="test_providers_health" time="0.002" /><testcase classname="backend.tests.backend_test.TestAdmin" name="test_admin_runs_list" time="0.003" /><testcase classname="backend.tests.backend_test.TestAdmin" name="test_reindex_enqueue" time="0.607" /><testcase classname="backend.tests.test_scenarios.TestUnknownRun" name="test_unknown_run_returns_404" time="0.003" /><testcase classname="backend.tests.test_scenarios.TestDebugEndpoint" name="test_debug_shape" time="0.002" /><testcase classname="backend.tests.test_scenarios.TestWSLateSubscriber" name="test_late_subscriber_gets_replay_and_finished_notice" time="12.041" /><testcase classname="backend.tests.test_scenarios.TestInvalidPayloadIsolation" name="test_interleaved_valid_and_invalid" time="9.061" /><testcase classname="backend.tests.test_scenarios.TestConcurrentStability" name="test_5_concurrent_runs_no_cross_leakage" time="13.100" /><testcase classname="backend.tests.test_scenarios.TestWSOrderingNoCrossTalk" name="test_two_runs_isolated_and_ordered" time="21.979" /><testcase classname="backend.tests.test_scenarios.TestTextileFlowConsistency5" name="test_textileflow_top3_5_runs" time="53.189" /><testcase classname="backend.tests.test_scenarios.TestRankingDeterminism" name="test_top5_deterministic" time="22.078" /><testcase classname="backend.tests.test_scenarios.TestTraceIntegrity" name="test_ws_order_matches_trace_order" time="9.238" /><testcase classname="backend.tests.test_scenarios.TestContextCompressionKeywords" name="test_keywords_preserved_after_compression" time="22.078" /><testcase classname="backend.tests.test_scenarios.TestLatencyP95" name="test_p95_under_30s" time="110.426" /><testcase classname="backend.tests.test_scenarios.TestWSChannelCleanup" name="test_ws_channel_cleanup_after_disconnect" time="49.339" /></testsuite></testsuites>