<?xml version="1.0" encoding="utf-8"?><testsuites name="pytest tests"><testsuite name="pytest" errors="0" failures="0" skipped="0" tests="17" time="65.556" timestamp="2026-06-01T20:07:22.296099+00:00" hostname="agent-env-87e55cba-d34a-4872-af53-9ca0da983b9c"><testcase classname="backend.tests.backend_test.TestHealth" name="test_health_ok" time="1.009" /><testcase classname="backend.tests.backend_test.TestHealth" name="test_openapi_schema" time="0.006" /><testcase classname="backend.tests.backend_test.TestMatchValidation" name="test_empty_string_400" time="0.002" /><testcase classname="backend.tests.backend_test.TestMatchValidation" name="test_whitespace_400" time="0.002" /><testcase classname="backend.tests.backend_test.TestMatchValidation" name="test_too_short_400" time="0.002" /><testcase classname="backend.tests.backend_test.TestMatchValidation" name="test_too_long_400" time="0.002" /><testcase classname="backend.tests.backend_test.TestMatchValidation" name="test_non_string_422" time="0.002" /><testcase classname="backend.tests.backend_test.TestMatchAccept" name="test_post_match_202_fast" time="0.003" /><testcase classname="backend.tests.backend_test.TestPipelineCanonical" name="test_run_completed_has_result" time="18.051" /><testcase classname="backend.tests.backend_test.TestPipelineCanonical" name="test_trace_has_all_agents_with_structured_fields" time="0.002" /><testcase classname="backend.tests.backend_test.TestPipelineCanonical" name="test_textileflow_in_top3_run1" time="0.000" /><testcase classname="backend.tests.backend_test.TestTextileFlowConsistency" name="test_textileflow_in_top3_repeated[1]" time="15.035" /><testcase classname="backend.tests.backend_test.TestTextileFlowConsistency" name="test_textileflow_in_top3_repeated[2]" time="13.532" /><testcase classname="backend.tests.backend_test.TestWebSocket" name="test_ws_streams_agent_events" time="17.219" /><testcase classname="backend.tests.backend_test.TestAdmin" name="test_providers_health" time="0.002" /><testcase classname="backend.tests.backend_test.TestAdmin" name="test_admin_runs_list" time="0.002" /><testcase classname="backend.tests.backend_test.TestAdmin" name="test_reindex_enqueue" time="0.616" /></testsuite></testsuites>