<?xml version="1.0" encoding="utf-8"?><testsuites name="pytest tests"><testsuite name="pytest" errors="0" failures="1" skipped="0" tests="3" time="86.059" timestamp="2026-06-01T20:11:47.618142+00:00" hostname="agent-env-87e55cba-d34a-4872-af53-9ca0da983b9c"><testcase classname="backend.tests.test_scenarios.TestTextileFlowConsistency5" name="test_textileflow_top3_5_runs" time="45.170" /><testcase classname="backend.tests.test_scenarios.TestContextCompressionKeywords" name="test_keywords_preserved_after_compression" time="0.001"><failure message="AssertionError: assert 5689 &gt;= 6000&#10; +  where 5689 = len('Our platform must be multi-tenant from day one. We are evaluating enterprise SaaS platforms. We are evaluating enterprise SaaS platforms. We are evaluating enterprise SaaS platforms. We are evaluating enterprise SaaS platforms. We are evaluating enterprise SaaS platforms. We are evaluating enterprise SaaS platforms. We are evaluating enterprise SaaS platforms. We are evaluating enterprise SaaS platforms. We are evaluating enterprise SaaS platforms. We are evaluating enterprise SaaS platforms. We are evaluating enterprise SaaS platforms. We are evaluating enterprise SaaS platforms. We are evaluating enterprise SaaS platforms. We are evaluating enterprise SaaS platforms. We are evaluating enterprise SaaS platforms. We are evaluating enterprise SaaS platforms. We are evaluating enterprise SaaS platforms. We are evaluating enterprise SaaS platforms. We are evaluating enterprise SaaS platforms. We are evaluating enterprise SaaS platforms. We are evaluating enterprise SaaS platforms. We are evaluating enterprise SaaS platforms. We are evaluating enterprise SaaS platforms. We are evaluating enterprise SaaS platforms. We are evaluating enterprise SaaS platforms. We are evaluating enterp...S platforms. We are evaluating enterprise SaaS platforms. We are evaluating enterprise SaaS platforms. We are evaluating enterprise SaaS platforms. We are evaluating enterprise SaaS platforms. We are evaluating enterprise SaaS platforms. We are evaluating enterprise SaaS platforms. We are evaluating enterprise SaaS platforms. We are evaluating enterprise SaaS platforms. We are evaluating enterprise SaaS platforms. We are evaluating enterprise SaaS platforms. We are evaluating enterprise SaaS platforms. We are evaluating enterprise SaaS platforms. We are evaluating enterprise SaaS platforms. We are evaluating enterprise SaaS platforms. We are evaluating enterprise SaaS platforms. We are evaluating enterprise SaaS platforms. We are evaluating enterprise SaaS platforms. We are evaluating enterprise SaaS platforms. We are evaluating enterprise SaaS platforms. We are evaluating enterprise SaaS platforms. We are evaluating enterprise SaaS platforms. We are evaluating enterprise SaaS platforms. We are evaluating enterprise SaaS platforms. We are evaluating enterprise SaaS platforms. We are evaluating enterprise SaaS platforms. We are evaluating enterprise SaaS platforms. We are evaluati')">backend/tests/test_scenarios.py:370: in test_keywords_preserved_after_compression
    assert len(text) &gt;= 6000
E   AssertionError: assert 5689 &gt;= 6000
E    +  where 5689 = len('Our platform must be multi-tenant from day one. We are evaluating enterprise SaaS platforms. We are evaluating enterprise SaaS platforms. We are evaluating enterprise SaaS platforms. We are evaluating enterprise SaaS platforms. We are evaluating enterprise SaaS platforms. We are evaluating enterprise SaaS platforms. We are evaluating enterprise SaaS platforms. We are evaluating enterprise SaaS platforms. We are evaluating enterprise SaaS platforms. We are evaluating enterprise SaaS platforms. We are evaluating enterprise SaaS platforms. We are evaluating enterprise SaaS platforms. We are evaluating enterprise SaaS platforms. We are evaluating enterprise SaaS platforms. We are evaluating enterprise SaaS platforms. We are evaluating enterprise SaaS platforms. We are evaluating enterprise SaaS platforms. We are evaluating enterprise SaaS platforms. We are evaluating enterprise SaaS platforms. We are evaluating enterprise SaaS platforms. We are evaluating enterprise SaaS platforms. We are evaluating enterprise SaaS platforms. We are evaluating enterprise SaaS platforms. We are evaluating enterprise SaaS platforms. We are evaluating enterprise SaaS platforms. We are evaluating enterp...S platforms. We are evaluating enterprise SaaS platforms. We are evaluating enterprise SaaS platforms. We are evaluating enterprise SaaS platforms. We are evaluating enterprise SaaS platforms. We are evaluating enterprise SaaS platforms. We are evaluating enterprise SaaS platforms. We are evaluating enterprise SaaS platforms. We are evaluating enterprise SaaS platforms. We are evaluating enterprise SaaS platforms. We are evaluating enterprise SaaS platforms. We are evaluating enterprise SaaS platforms. We are evaluating enterprise SaaS platforms. We are evaluating enterprise SaaS platforms. We are evaluating enterprise SaaS platforms. We are evaluating enterprise SaaS platforms. We are evaluating enterprise SaaS platforms. We are evaluating enterprise SaaS platforms. We are evaluating enterprise SaaS platforms. We are evaluating enterprise SaaS platforms. We are evaluating enterprise SaaS platforms. We are evaluating enterprise SaaS platforms. We are evaluating enterprise SaaS platforms. We are evaluating enterprise SaaS platforms. We are evaluating enterprise SaaS platforms. We are evaluating enterprise SaaS platforms. We are evaluating enterprise SaaS platforms. We are evaluati')</failure></testcase><testcase classname="backend.tests.test_scenarios.TestWSChannelCleanup" name="test_ws_channel_cleanup_after_disconnect" time="40.803" /></testsuite></testsuites>