<?xml version="1.0" encoding="utf-8"?><testsuites name="pytest tests"><testsuite name="pytest" errors="0" failures="0" skipped="0" tests="8" time="91.858" timestamp="2026-06-01T20:10:02.655096+00:00" hostname="agent-env-87e55cba-d34a-4872-af53-9ca0da983b9c"><testcase classname="backend.tests.test_scenarios.TestUnknownRun" name="test_unknown_run_returns_404" time="0.006" /><testcase classname="backend.tests.test_scenarios.TestDebugEndpoint" name="test_debug_shape" time="0.002" /><testcase classname="backend.tests.test_scenarios.TestWSLateSubscriber" name="test_late_subscriber_gets_replay_and_finished_notice" time="14.065" /><testcase classname="backend.tests.test_scenarios.TestInvalidPayloadIsolation" name="test_interleaved_valid_and_invalid" time="12.077" /><testcase classname="backend.tests.test_scenarios.TestConcurrentStability" name="test_5_concurrent_runs_no_cross_leakage" time="19.579" /><testcase classname="backend.tests.test_scenarios.TestWSOrderingNoCrossTalk" name="test_two_runs_isolated_and_ordered" time="22.399" /><testcase classname="backend.tests.test_scenarios.TestRankingDeterminism" name="test_top5_deterministic" time="17.063" /><testcase classname="backend.tests.test_scenarios.TestTraceIntegrity" name="test_ws_order_matches_trace_order" time="6.573" /></testsuite></testsuites>