<?xml version="1.0" encoding="utf-8"?><testsuites name="pytest tests"><testsuite name="pytest" errors="0" failures="1" skipped="0" tests="2" time="103.748" timestamp="2026-06-01T20:13:26.975200+00:00" hostname="agent-env-87e55cba-d34a-4872-af53-9ca0da983b9c"><testcase classname="backend.tests.test_scenarios.TestContextCompressionKeywords" name="test_keywords_preserved_after_compression" time="14.290"><failure message="AssertionError: ContextCompression.compressed=True not found in payload: [{'agent': 'ContextCompressionAgent', 'run_id': '27df0566-b18d-43d0-9c8f-73f6cd535148', 'status': 'completed', 'started_at': '2026-06-01T20:13:30.440217+00:00', 'ended_at': '2026-06-01T20:13:30.441580+00:00', 'execution_ms': 1, 'provider_used': None, 'token_usage': None, 'retrieval_latency_ms': None, 'rerank_latency_ms': None, 'fallback_event': None, 'ws_emitted_at': '2026-06-01T20:13:30.441580+00:00', 'error': None, 'retry_count': 0, 'payload': {'compressed': False, 'compression_token_estimate': 2847, 'candidate_count': 10}}]&#10;assert False">backend/tests/test_scenarios.py:388: in test_keywords_preserved_after_compression
    assert compressed_flag, f"ContextCompression.compressed=True not found in payload: {cc}"
E   AssertionError: ContextCompression.compressed=True not found in payload: [{'agent': 'ContextCompressionAgent', 'run_id': '27df0566-b18d-43d0-9c8f-73f6cd535148', 'status': 'completed', 'started_at': '2026-06-01T20:13:30.440217+00:00', 'ended_at': '2026-06-01T20:13:30.441580+00:00', 'execution_ms': 1, 'provider_used': None, 'token_usage': None, 'retrieval_latency_ms': None, 'rerank_latency_ms': None, 'fallback_event': None, 'ws_emitted_at': '2026-06-01T20:13:30.441580+00:00', 'error': None, 'retry_count': 0, 'payload': {'compressed': False, 'compression_token_estimate': 2847, 'candidate_count': 10}}]
E   assert False</failure></testcase><testcase classname="backend.tests.test_scenarios.TestLatencyP95" name="test_p95_under_30s" time="89.346" /></testsuite></testsuites>